[debug] [2017-08-16T21:15:43.602Z] ----------------------------------------------------------------------
[debug] [2017-08-16T21:15:43.610Z] Command:       C:\Program Files\nodejs\node.exe C:\Users\GWC\AppData\Roaming\npm\node_modules\firebase-tools\bin\firebase serve
[debug] [2017-08-16T21:15:43.614Z] CLI Version:   3.9.2
[debug] [2017-08-16T21:15:43.614Z] Platform:      win32
[debug] [2017-08-16T21:15:43.614Z] Node Version:  v6.11.2
[debug] [2017-08-16T21:15:43.618Z] Time:          Wed Aug 16 2017 14:15:43 GMT-0700 (Pacific Daylight Time)
[debug] [2017-08-16T21:15:43.618Z] ----------------------------------------------------------------------
[debug] 
[debug] [2017-08-16T21:15:43.744Z] > command requires scopes: ["email","openid","https://www.googleapis.com/auth/cloudplatformprojects.readonly","https://www.googleapis.com/auth/firebase","https://www.googleapis.com/auth/cloud-platform"]
[debug] [2017-08-16T21:15:43.744Z] > authorizing via signed-in user
[debug] [2017-08-16T21:15:43.752Z] > refreshing access token with scopes: ["email","https://www.googleapis.com/auth/cloud-platform","https://www.googleapis.com/auth/cloudplatformprojects.readonly","https://www.googleapis.com/auth/firebase","openid"]
[debug] [2017-08-16T21:15:43.752Z] >>> HTTP REQUEST POST https://www.googleapis.com/oauth2/v3/token { refresh_token: '1/uTQOW93az2PHXBUskLJ7eMvYhs-NSwdtwk6aBYTLw2rKW29oq39TkUa3lo1pO3IS',
  client_id: '563584335869-fgrhgmd47bqnekij5i8b5pr03ho849e6.apps.googleusercontent.com',
  client_secret: 'j9iVZfS8kkCEFUPaAeJV0sAi',
  grant_type: 'refresh_token',
  scope: 'email https://www.googleapis.com/auth/cloud-platform https://www.googleapis.com/auth/cloudplatformprojects.readonly https://www.googleapis.com/auth/firebase openid' } 
 Wed Aug 16 2017 14:15:43 GMT-0700 (Pacific Daylight Time)
[debug] [2017-08-16T21:15:44.236Z] <<< HTTP RESPONSE 200
[debug] [2017-08-16T21:15:44.296Z] >>> HTTP REQUEST GET https://admin.firebase.com/v1/projects/billapp-3f115  
 Wed Aug 16 2017 14:15:44 GMT-0700 (Pacific Daylight Time)
[debug] [2017-08-16T21:15:44.800Z] <<< HTTP RESPONSE 200
[debug] [2017-08-16T21:15:44.804Z] >>> HTTP REQUEST GET https://admin.firebase.com/v1/database/billapp-3f115/tokens  
 Wed Aug 16 2017 14:15:44 GMT-0700 (Pacific Daylight Time)
[debug] [2017-08-16T21:15:45.240Z] <<< HTTP RESPONSE 200
[info] 
[info] === Serving from 'C:\Users\GWC\Desktop\liz\BillAppRepo'...
[info] 
[debug] [2017-08-16T21:15:45.256Z] >>> HTTP REQUEST GET https://cloudresourcemanager.googleapis.com/v1/projects/billapp-3f115  
 Wed Aug 16 2017 14:15:45 GMT-0700 (Pacific Daylight Time)
[debug] [2017-08-16T21:15:45.736Z] <<< HTTP RESPONSE 200
[debug] [2017-08-16T21:15:45.736Z] >>> HTTP REQUEST GET https://mobilesdk-pa.googleapis.com/v1/projects/493797939066/clients/_:getWebAppConfig  
 Wed Aug 16 2017 14:15:45 GMT-0700 (Pacific Daylight Time)
[debug] [2017-08-16T21:15:46.212Z] <<< HTTP RESPONSE 200
[info] i  hosting: Serving hosting files from: www
[info] +  hosting: Local server: http://localhost:5000

